This is pdfTeX, Version 3.1415926-2.3-1.40.12 (MiKTeX 2.9) (preloaded format=pdflatex 2019.10.25)  9 NOV 2019 18:13
entering extended mode
**C:/Users/Áêõ/Desktop/Êú∫Âô®Â≠¶‰π†ÂÆûÈ™å/report/second/LogisticRegression_SVM.
tex

(C:/Users/Áêõ/Desktop/Êú∫Âô®Â≠¶‰π†ÂÆûÈ™å/report/second/LogisticRegression_SVM.t
ex
LaTeX2e <2011/06/27>
Babel <v3.8m> and hyphenation patterns for loaded.
(C:\Users\Áêõ\Desktop\Êú∫Âô®Â≠¶‰π†ÂÆûÈ™å\report\second\IEEEtran.cls
Document Class: IEEEtran 2007/03/05 V1.7a by Michael Shell
-- See the "IEEEtran_HOWTO" manual for usage information.
-- http://www.michaelshell.org/tex/ieeetran/
\@IEEEtrantmpdimenA=\dimen102
\@IEEEtrantmpdimenB=\dimen103
\@IEEEtrantmpcountA=\count79
\@IEEEtrantmpcountB=\count80
\@IEEEtrantmptoksA=\toks14
LaTeX Font Info:    Try loading font information for OT1+ptm on input line 366.

(F:\Ctex\MiKTeX\tex\latex\psnfss\ot1ptm.fd
File: ot1ptm.fd 2001/06/04 font definitions for OT1/ptm.
)
-- Using 210mm x 297mm (a4) paper.
-- Using PDF output.
\@IEEEnormalsizeunitybaselineskip=\dimen104
-- This is a 10 point document.
\CLASSINFOnormalsizebaselineskip=\dimen105
\CLASSINFOnormalsizeunitybaselineskip=\dimen106
\IEEEnormaljot=\dimen107
LaTeX Font Info:    Font shape `OT1/ptm/bx/n' in size <5> not available
(Font)              Font shape `OT1/ptm/b/n' tried instead on input line 724.
LaTeX Font Info:    Font shape `OT1/ptm/bx/it' in size <5> not available
(Font)              Font shape `OT1/ptm/b/it' tried instead on input line 724.
LaTeX Font Info:    Font shape `OT1/ptm/bx/n' in size <7> not available
(Font)              Font shape `OT1/ptm/b/n' tried instead on input line 724.
LaTeX Font Info:    Font shape `OT1/ptm/bx/it' in size <7> not available
(Font)              Font shape `OT1/ptm/b/it' tried instead on input line 724.
LaTeX Font Info:    Font shape `OT1/ptm/bx/n' in size <8> not available
(Font)              Font shape `OT1/ptm/b/n' tried instead on input line 724.
LaTeX Font Info:    Font shape `OT1/ptm/bx/it' in size <8> not available
(Font)              Font shape `OT1/ptm/b/it' tried instead on input line 724.
LaTeX Font Info:    Font shape `OT1/ptm/bx/n' in size <9> not available
(Font)              Font shape `OT1/ptm/b/n' tried instead on input line 724.
LaTeX Font Info:    Font shape `OT1/ptm/bx/it' in size <9> not available
(Font)              Font shape `OT1/ptm/b/it' tried instead on input line 724.
LaTeX Font Info:    Font shape `OT1/ptm/bx/n' in size <10> not available
(Font)              Font shape `OT1/ptm/b/n' tried instead on input line 724.
LaTeX Font Info:    Font shape `OT1/ptm/bx/it' in size <10> not available
(Font)              Font shape `OT1/ptm/b/it' tried instead on input line 724.
LaTeX Font Info:    Font shape `OT1/ptm/bx/n' in size <11> not available
(Font)              Font shape `OT1/ptm/b/n' tried instead on input line 724.
LaTeX Font Info:    Font shape `OT1/ptm/bx/it' in size <11> not available
(Font)              Font shape `OT1/ptm/b/it' tried instead on input line 724.
LaTeX Font Info:    Font shape `OT1/ptm/bx/n' in size <12> not available
(Font)              Font shape `OT1/ptm/b/n' tried instead on input line 724.
LaTeX Font Info:    Font shape `OT1/ptm/bx/it' in size <12> not available
(Font)              Font shape `OT1/ptm/b/it' tried instead on input line 724.
LaTeX Font Info:    Font shape `OT1/ptm/bx/n' in size <17> not available
(Font)              Font shape `OT1/ptm/b/n' tried instead on input line 724.
LaTeX Font Info:    Font shape `OT1/ptm/bx/it' in size <17> not available
(Font)              Font shape `OT1/ptm/b/it' tried instead on input line 724.
LaTeX Font Info:    Font shape `OT1/ptm/bx/n' in size <20> not available
(Font)              Font shape `OT1/ptm/b/n' tried instead on input line 724.
LaTeX Font Info:    Font shape `OT1/ptm/bx/it' in size <20> not available
(Font)              Font shape `OT1/ptm/b/it' tried instead on input line 724.
LaTeX Font Info:    Font shape `OT1/ptm/bx/n' in size <24> not available
(Font)              Font shape `OT1/ptm/b/n' tried instead on input line 724.
LaTeX Font Info:    Font shape `OT1/ptm/bx/it' in size <24> not available
(Font)              Font shape `OT1/ptm/b/it' tried instead on input line 724.
\IEEEilabelindentA=\dimen108
\IEEEilabelindentB=\dimen109
\IEEEilabelindent=\dimen110
\IEEEelabelindent=\dimen111
\IEEEdlabelindent=\dimen112
\IEEElabelindent=\dimen113
\IEEEiednormlabelsep=\dimen114
\IEEEiedmathlabelsep=\dimen115
\IEEEiedtopsep=\skip41
\c@section=\count81
\c@subsection=\count82
\c@subsubsection=\count83
\c@paragraph=\count84
\c@IEEEsubequation=\count85
\abovecaptionskip=\skip42
\belowcaptionskip=\skip43
\c@figure=\count86
\c@table=\count87
\@IEEEeqnnumcols=\count88
\@IEEEeqncolcnt=\count89
\@IEEEtmpitemindent=\dimen116
\c@IEEEbiography=\count90
\@IEEEtranrubishbin=\box26
) (F:\Ctex\MiKTeX\tex\latex\graphics\graphicx.sty
Package: graphicx 1999/02/16 v1.0f Enhanced LaTeX Graphics (DPC,SPQR)

(F:\Ctex\MiKTeX\tex\latex\graphics\keyval.sty
Package: keyval 1999/03/16 v1.13 key=value parser (DPC)
\KV@toks@=\toks15
)
(F:\Ctex\MiKTeX\tex\latex\graphics\graphics.sty
Package: graphics 2009/02/05 v1.0o Standard LaTeX Graphics (DPC,SPQR)

(F:\Ctex\MiKTeX\tex\latex\graphics\trig.sty
Package: trig 1999/03/16 v1.09 sin cos tan (DPC)
)
(F:\Ctex\MiKTeX\tex\latex\00miktex\graphics.cfg
File: graphics.cfg 2007/01/18 v1.5 graphics configuration of teTeX/TeXLive
)
Package graphics Info: Driver file: pdftex.def on input line 91.

(F:\Ctex\MiKTeX\tex\latex\pdftex-def\pdftex.def
File: pdftex.def 2011/05/27 v0.06d Graphics/color for pdfTeX

(F:\Ctex\MiKTeX\tex\generic\oberdiek\infwarerr.sty
Package: infwarerr 2010/04/08 v1.3 Providing info/warning/message (HO)
)
(F:\Ctex\MiKTeX\tex\generic\oberdiek\ltxcmds.sty
Package: ltxcmds 2011/04/18 v1.20 LaTeX kernel commands for general use (HO)
)
\Gread@gobject=\count91
))
\Gin@req@height=\dimen117
\Gin@req@width=\dimen118
)
(F:\Ctex\MiKTeX\tex\latex\ltxmisc\url.sty
\Urlmuskip=\muskip10
Package: url 2006/04/12  ver 3.3  Verb mode for urls, etc.
)
(F:\Ctex\MiKTeX\tex\latex\tools\bm.sty
Package: bm 2004/02/26 v1.1c Bold Symbol Support (DPC/FMi)
\symboldoperators=\mathgroup4
\symboldletters=\mathgroup5
\symboldsymbols=\mathgroup6
LaTeX Font Info:    Redeclaring math alphabet \mathbf on input line 138.
LaTeX Info: Redefining \bm on input line 204.
)
(F:\Ctex\MiKTeX\tex\latex\ams\math\amsmath.sty
Package: amsmath 2000/07/18 v2.13 AMS math features
\@mathmargin=\skip44

For additional information on amsmath, use the `?' option.
(F:\Ctex\MiKTeX\tex\latex\ams\math\amstext.sty
Package: amstext 2000/06/29 v2.01

(F:\Ctex\MiKTeX\tex\latex\ams\math\amsgen.sty
File: amsgen.sty 1999/11/30 v2.0
\@emptytoks=\toks16
\ex@=\dimen119
))
(F:\Ctex\MiKTeX\tex\latex\ams\math\amsbsy.sty
Package: amsbsy 1999/11/29 v1.2d
LaTeX Info: Redefining \boldsymbol on input line 54.
\pmbraise@=\dimen120
)
(F:\Ctex\MiKTeX\tex\latex\ams\math\amsopn.sty
Package: amsopn 1999/12/14 v2.01 operator names
)
\inf@bad=\count92
LaTeX Info: Redefining \frac on input line 211.
\uproot@=\count93
\leftroot@=\count94
LaTeX Info: Redefining \overline on input line 307.
\classnum@=\count95
\DOTSCASE@=\count96
LaTeX Info: Redefining \ldots on input line 379.
LaTeX Info: Redefining \dots on input line 382.
LaTeX Info: Redefining \cdots on input line 467.
\Mathstrutbox@=\box27
\strutbox@=\box28
\big@size=\dimen121
LaTeX Font Info:    Redeclaring font encoding OML on input line 567.
LaTeX Font Info:    Redeclaring font encoding OMS on input line 568.
\macc@depth=\count97
\c@MaxMatrixCols=\count98
\dotsspace@=\muskip11
\c@parentequation=\count99
\dspbrk@lvl=\count100
\tag@help=\toks17
\row@=\count101
\column@=\count102
\maxfields@=\count103
\andhelp@=\toks18
\eqnshift@=\dimen122
\alignsep@=\dimen123
\tagshift@=\dimen124
\tagwidth@=\dimen125
\totwidth@=\dimen126
\lineht@=\dimen127
\@envbody=\toks19
\multlinegap=\skip45
\multlinetaggap=\skip46
\mathdisplay@stack=\toks20
LaTeX Info: Redefining \[ on input line 2666.
LaTeX Info: Redefining \] on input line 2667.
)
(F:\Ctex\MiKTeX\tex\latex\amsfonts\amssymb.sty
Package: amssymb 2009/06/22 v3.00

(F:\Ctex\MiKTeX\tex\latex\amsfonts\amsfonts.sty
Package: amsfonts 2009/06/22 v3.00 Basic AMSFonts support
\symAMSa=\mathgroup7
\symAMSb=\mathgroup8
LaTeX Font Info:    Overwriting math alphabet `\mathfrak' in version `bold'
(Font)                  U/euf/m/n --> U/euf/b/n on input line 96.
))
(F:\Ctex\MiKTeX\tex\latex\caption\caption.sty
Package: caption 2004/07/16 v3.0c Customising captions (AS)
\captionmargin=\dimen128
\captionwidth=\dimen129
\captionindent=\dimen130
\captionparindent=\dimen131
\captionhangindent=\dimen132
)
(C:\Users\Áêõ\Desktop\Êú∫Âô®Â≠¶‰π†ÂÆûÈ™å\report\second\LogisticRegression_SVM.a
ux)
LaTeX Font Info:    Checking defaults for OML/cmm/m/it on input line 11.
LaTeX Font Info:    ... okay on input line 11.
LaTeX Font Info:    Checking defaults for T1/cmr/m/n on input line 11.
LaTeX Font Info:    ... okay on input line 11.
LaTeX Font Info:    Checking defaults for OT1/cmr/m/n on input line 11.
LaTeX Font Info:    ... okay on input line 11.
LaTeX Font Info:    Checking defaults for OMS/cmsy/m/n on input line 11.
LaTeX Font Info:    ... okay on input line 11.
LaTeX Font Info:    Checking defaults for OMX/cmex/m/n on input line 11.
LaTeX Font Info:    ... okay on input line 11.
LaTeX Font Info:    Checking defaults for U/cmr/m/n on input line 11.
LaTeX Font Info:    ... okay on input line 11.
 (F:\Ctex\MiKTeX\tex\context\base\supp-pdf.mkii
[Loading MPS to PDF converter (version 2006.09.02).]
\scratchcounter=\count104
\scratchdimen=\dimen133
\scratchbox=\box29
\nofMPsegments=\count105
\nofMParguments=\count106
\everyMPshowfont=\toks21
\MPscratchCnt=\count107
\MPscratchDim=\dimen134
\MPnumerator=\count108
\makeMPintoPDFobject=\count109
\everyMPtoPDFconversion=\toks22
) <SCUT.png, id=1, 371.5335pt x 116.946pt>
File: SCUT.png Graphic file (type png)
 <use SCUT.png>
Package pdftex.def Info: SCUT.png used on input line 22.
(pdftex.def)             Requested size: 371.53258pt x 116.94571pt.
LaTeX Font Info:    Font shape `OT1/ptm/bx/sc' in size <17> not available
(Font)              Font shape `OT1/ptm/b/sc' tried instead on input line 36.
LaTeX Font Info:    Try loading font information for U+msa on input line 49.

(F:\Ctex\MiKTeX\tex\latex\amsfonts\umsa.fd
File: umsa.fd 2009/06/22 v3.00 AMS symbols A
)
LaTeX Font Info:    Try loading font information for U+msb on input line 49.

(F:\Ctex\MiKTeX\tex\latex\amsfonts\umsb.fd
File: umsb.fd 2009/06/22 v3.00 AMS symbols B
) [0


{F:/Ctex/UserData/pdftex/config/pdftex.map{Unicode.sfd}{UGBK.sfd}} <C:/Users/Áê
õ/Desktop/Êú∫Âô®Â≠¶‰π†ÂÆûÈ™å/report/second/SCUT.png>]

LaTeX Warning: No \author given.


LaTeX Warning: No \author given.


Underfull \hbox (badness 2903) in paragraph at lines 110--113
[]\OT1/ptm/m/n/10 Considering pos-i-tive and neg-a-tive la-bel-s are marked
 []


Underfull \hbox (badness 2495) in paragraph at lines 110--113
\OT1/ptm/m/n/10 as +1 and -1, we can de-fine a loss func-tion $\OMS/cmsy/m/n/10
 L \OT1/cmr/m/n/10 =$
 []

[1


] <LR_loss.png, id=27, 290.58563pt x 209.28188pt>
File: LR_loss.png Graphic file (type png)
 <use LR_loss.png>
Package pdftex.def Info: LR_loss.png used on input line 191.
(pdftex.def)             Requested size: 252.0pt x 181.49574pt.

<LR_accuracy.png, id=29, 288.3272pt x 200.24812pt>
File: LR_accuracy.png Graphic file (type png)
 <use LR_accuracy.png>
Package pdftex.def Info: LR_accuracy.png used on input line 198.
(pdftex.def)             Requested size: 252.0pt x 175.02417pt.

<SVM_loss.png, id=30, 295.85532pt x 205.5178pt>
File: SVM_loss.png Graphic file (type png)
 <use SVM_loss.png>
Package pdftex.def Info: SVM_loss.png used on input line 205.
(pdftex.def)             Requested size: 252.0pt x 175.05786pt.

<SVM_accuracy.png, id=31, 298.86656pt x 209.28188pt>
File: SVM_accuracy.png Graphic file (type png)
 <use SVM_accuracy.png>
Package pdftex.def Info: SVM_accuracy.png used on input line 212.
(pdftex.def)             Requested size: 252.0pt x 176.46616pt.

[2 <C:/Users/Áêõ/Desktop/Êú∫Âô®Â≠¶‰π†ÂÆûÈ™å/report/second/LR_loss.png> <C:/User
s/Áêõ/Desktop/Êú∫Âô®Â≠¶‰π†ÂÆûÈ™å/report/second/LR_accuracy.png> <C:/Users/Áêõ/D
esktop/Êú∫Âô®Â≠¶‰π†ÂÆûÈ™å/report/second/SVM_loss.png> <C:/Users/Áêõ/Desktop/Êú∫
Âô®Â≠¶‰π†ÂÆûÈ™å/report/second/SVM_accuracy.png>]
(C:\Users\Áêõ\Desktop\Êú∫Âô®Â≠¶‰π†ÂÆûÈ™å\report\second\LogisticRegression_SVM.a
ux) ) 
Here is how much of TeX's memory you used:
 3213 strings out of 495354
 45813 string characters out of 3183858
 104280 words of memory out of 3000000
 6336 multiletter control sequences out of 15000+200000
 54649 words of font info for 110 fonts, out of 3000000 for 9000
 14 hyphenation exceptions out of 8191
 27i,8n,32p,1027b,250s stack positions out of 5000i,500n,10000p,200000b,50000s
{F:/Ctex/MiKTeX/fonts/enc/dvips/fontname/8r.enc}<F:/Ctex/MiKTeX/fonts/type
1/public/amsfonts/cm/cmex10.pfb><F:/Ctex/MiKTeX/fonts/type1/public/amsfonts/cm/
cmmi10.pfb><F:/Ctex/MiKTeX/fonts/type1/public/amsfonts/cm/cmmi5.pfb><F:/Ctex/Mi
KTeX/fonts/type1/public/amsfonts/cm/cmmi7.pfb><F:/Ctex/MiKTeX/fonts/type1/publi
c/amsfonts/cm/cmmib10.pfb><F:/Ctex/MiKTeX/fonts/type1/public/amsfonts/cmextra/c
mmib5.pfb><F:/Ctex/MiKTeX/fonts/type1/public/amsfonts/cmextra/cmmib7.pfb><F:/Ct
ex/MiKTeX/fonts/type1/public/amsfonts/cm/cmr10.pfb><F:/Ctex/MiKTeX/fonts/type1/
public/amsfonts/cm/cmr5.pfb><F:/Ctex/MiKTeX/fonts/type1/public/amsfonts/cm/cmr7
.pfb><F:/Ctex/MiKTeX/fonts/type1/public/amsfonts/cm/cmsy10.pfb><F:/Ctex/MiKTeX/
fonts/type1/public/amsfonts/cm/cmsy5.pfb><F:/Ctex/MiKTeX/fonts/type1/public/ams
fonts/cm/cmsy7.pfb><F:/Ctex/MiKTeX/fonts/type1/public/amsfonts/symbols/msam10.p
fb><F:/Ctex/MiKTeX/fonts/type1/urw/times/utmb8a.pfb><F:/Ctex/MiKTeX/fonts/type1
/urw/times/utmbi8a.pfb><F:/Ctex/MiKTeX/fonts/type1/urw/times/utmr8a.pfb><F:/Cte
x/MiKTeX/fonts/type1/urw/times/utmri8a.pfb>
Output written on LogisticRegression_SVM.pdf (3 pages, 534967 bytes).
PDF statistics:
 95 PDF objects out of 1000 (max. 8388607)
 0 named destinations out of 1000 (max. 500000)
 26 words of extra memory for PDF output out of 10000 (max. 10000000)

